[25-Jan-2022 10:52:40 UTC] PHP Warning:  function_exists() expects exactly 1 parameter, 2 given in /Users/alinedaems/Local Sites/cube-concept/app/public/wp-content/themes/Cube Concept Theme/functions.php on line 2
[25-Jan-2022 10:52:40 UTC] PHP Stack trace:
[25-Jan-2022 10:52:40 UTC] PHP   1. {main}() /Users/alinedaems/Local Sites/cube-concept/app/public/wp-admin/admin-ajax.php:0
[25-Jan-2022 10:52:40 UTC] PHP   2. require_once() /Users/alinedaems/Local Sites/cube-concept/app/public/wp-admin/admin-ajax.php:22
[25-Jan-2022 10:52:40 UTC] PHP   3. require_once() /Users/alinedaems/Local Sites/cube-concept/app/public/wp-load.php:50
[25-Jan-2022 10:52:40 UTC] PHP   4. require_once() /Users/alinedaems/Local Sites/cube-concept/app/public/wp-config.php:77
[25-Jan-2022 10:52:40 UTC] PHP   5. include() /Users/alinedaems/Local Sites/cube-concept/app/public/wp-settings.php:546
[25-Jan-2022 10:52:40 UTC] PHP   6. function_exists() /Users/alinedaems/Local Sites/cube-concept/app/public/wp-content/themes/Cube Concept Theme/functions.php:2
[25-Jan-2022 10:52:54 UTC] PHP Warning:  function_exists() expects exactly 1 parameter, 2 given in /Users/alinedaems/Local Sites/cube-concept/app/public/wp-content/themes/Cube Concept Theme/functions.php on line 2
[25-Jan-2022 10:52:54 UTC] PHP Stack trace:
[25-Jan-2022 10:52:54 UTC] PHP   1. {main}() /Users/alinedaems/Local Sites/cube-concept/app/public/wp-admin/themes.php:0
[25-Jan-2022 10:52:54 UTC] PHP   2. require_once() /Users/alinedaems/Local Sites/cube-concept/app/public/wp-admin/themes.php:10
[25-Jan-2022 10:52:54 UTC] PHP   3. require_once() /Users/alinedaems/Local Sites/cube-concept/app/public/wp-admin/admin.php:34
[25-Jan-2022 10:52:54 UTC] PHP   4. require_once() /Users/alinedaems/Local Sites/cube-concept/app/public/wp-load.php:50
[25-Jan-2022 10:52:54 UTC] PHP   5. require_once() /Users/alinedaems/Local Sites/cube-concept/app/public/wp-config.php:77
[25-Jan-2022 10:52:54 UTC] PHP   6. include() /Users/alinedaems/Local Sites/cube-concept/app/public/wp-settings.php:546
[25-Jan-2022 10:52:54 UTC] PHP   7. function_exists() /Users/alinedaems/Local Sites/cube-concept/app/public/wp-content/themes/Cube Concept Theme/functions.php:2
[25-Jan-2022 10:53:06 UTC] PHP Warning:  function_exists() expects exactly 1 parameter, 2 given in /Users/alinedaems/Local Sites/cube-concept/app/public/wp-content/themes/Cube Concept Theme/functions.php on line 2
[25-Jan-2022 10:53:06 UTC] PHP Stack trace:
[25-Jan-2022 10:53:06 UTC] PHP   1. {main}() /Users/alinedaems/Local Sites/cube-concept/app/public/wp-admin/themes.php:0
[25-Jan-2022 10:53:06 UTC] PHP   2. require_once() /Users/alinedaems/Local Sites/cube-concept/app/public/wp-admin/themes.php:10
[25-Jan-2022 10:53:06 UTC] PHP   3. require_once() /Users/alinedaems/Local Sites/cube-concept/app/public/wp-admin/admin.php:34
[25-Jan-2022 10:53:06 UTC] PHP   4. require_once() /Users/alinedaems/Local Sites/cube-concept/app/public/wp-load.php:50
[25-Jan-2022 10:53:06 UTC] PHP   5. require_once() /Users/alinedaems/Local Sites/cube-concept/app/public/wp-config.php:77
[25-Jan-2022 10:53:06 UTC] PHP   6. include() /Users/alinedaems/Local Sites/cube-concept/app/public/wp-settings.php:546
[25-Jan-2022 10:53:06 UTC] PHP   7. function_exists() /Users/alinedaems/Local Sites/cube-concept/app/public/wp-content/themes/Cube Concept Theme/functions.php:2
[25-Jan-2022 10:53:31 UTC] PHP Warning:  function_exists() expects exactly 1 parameter, 2 given in /Users/alinedaems/Local Sites/cube-concept/app/public/wp-content/themes/Cube Concept Theme/functions.php on line 2
[25-Jan-2022 10:53:31 UTC] PHP Stack trace:
[25-Jan-2022 10:53:31 UTC] PHP   1. {main}() /Users/alinedaems/Local Sites/cube-concept/app/public/wp-admin/themes.php:0
[25-Jan-2022 10:53:31 UTC] PHP   2. require_once() /Users/alinedaems/Local Sites/cube-concept/app/public/wp-admin/themes.php:10
[25-Jan-2022 10:53:31 UTC] PHP   3. require_once() /Users/alinedaems/Local Sites/cube-concept/app/public/wp-admin/admin.php:34
[25-Jan-2022 10:53:31 UTC] PHP   4. require_once() /Users/alinedaems/Local Sites/cube-concept/app/public/wp-load.php:50
[25-Jan-2022 10:53:31 UTC] PHP   5. require_once() /Users/alinedaems/Local Sites/cube-concept/app/public/wp-config.php:77
[25-Jan-2022 10:53:31 UTC] PHP   6. include() /Users/alinedaems/Local Sites/cube-concept/app/public/wp-settings.php:546
[25-Jan-2022 10:53:31 UTC] PHP   7. function_exists() /Users/alinedaems/Local Sites/cube-concept/app/public/wp-content/themes/Cube Concept Theme/functions.php:2
[25-Jan-2022 10:53:31 UTC] PHP Warning:  function_exists() expects exactly 1 parameter, 2 given in /Users/alinedaems/Local Sites/cube-concept/app/public/wp-content/themes/Cube Concept Theme/functions.php on line 2
[25-Jan-2022 10:53:31 UTC] PHP Stack trace:
[25-Jan-2022 10:53:31 UTC] PHP   1. {main}() /Users/alinedaems/Local Sites/cube-concept/app/public/index.php:0
[25-Jan-2022 10:53:31 UTC] PHP   2. require() /Users/alinedaems/Local Sites/cube-concept/app/public/index.php:17
[25-Jan-2022 10:53:31 UTC] PHP   3. require_once() /Users/alinedaems/Local Sites/cube-concept/app/public/wp-blog-header.php:13
[25-Jan-2022 10:53:31 UTC] PHP   4. require_once() /Users/alinedaems/Local Sites/cube-concept/app/public/wp-load.php:50
[25-Jan-2022 10:53:31 UTC] PHP   5. require_once() /Users/alinedaems/Local Sites/cube-concept/app/public/wp-config.php:77
[25-Jan-2022 10:53:31 UTC] PHP   6. include() /Users/alinedaems/Local Sites/cube-concept/app/public/wp-settings.php:546
[25-Jan-2022 10:53:31 UTC] PHP   7. function_exists() /Users/alinedaems/Local Sites/cube-concept/app/public/wp-content/themes/Cube Concept Theme/functions.php:2
[25-Jan-2022 10:53:44 UTC] PHP Warning:  function_exists() expects exactly 1 parameter, 2 given in /Users/alinedaems/Local Sites/cube-concept/app/public/wp-content/themes/Cube Concept Theme/functions.php on line 2
[25-Jan-2022 10:53:44 UTC] PHP Stack trace:
[25-Jan-2022 10:53:44 UTC] PHP   1. {main}() /Users/alinedaems/Local Sites/cube-concept/app/public/index.php:0
[25-Jan-2022 10:53:44 UTC] PHP   2. require() /Users/alinedaems/Local Sites/cube-concept/app/public/index.php:17
[25-Jan-2022 10:53:44 UTC] PHP   3. require_once() /Users/alinedaems/Local Sites/cube-concept/app/public/wp-blog-header.php:13
[25-Jan-2022 10:53:44 UTC] PHP   4. require_once() /Users/alinedaems/Local Sites/cube-concept/app/public/wp-load.php:50
[25-Jan-2022 10:53:44 UTC] PHP   5. require_once() /Users/alinedaems/Local Sites/cube-concept/app/public/wp-config.php:77
[25-Jan-2022 10:53:44 UTC] PHP   6. include() /Users/alinedaems/Local Sites/cube-concept/app/public/wp-settings.php:546
[25-Jan-2022 10:53:44 UTC] PHP   7. function_exists() /Users/alinedaems/Local Sites/cube-concept/app/public/wp-content/themes/Cube Concept Theme/functions.php:2
[25-Jan-2022 10:54:33 UTC] PHP Warning:  function_exists() expects exactly 1 parameter, 2 given in /Users/alinedaems/Local Sites/cube-concept/app/public/wp-content/themes/Cube Concept Theme/functions.php on line 2
[25-Jan-2022 10:54:33 UTC] PHP Stack trace:
[25-Jan-2022 10:54:33 UTC] PHP   1. {main}() /Users/alinedaems/Local Sites/cube-concept/app/public/wp-admin/admin-ajax.php:0
[25-Jan-2022 10:54:33 UTC] PHP   2. require_once() /Users/alinedaems/Local Sites/cube-concept/app/public/wp-admin/admin-ajax.php:22
[25-Jan-2022 10:54:33 UTC] PHP   3. require_once() /Users/alinedaems/Local Sites/cube-concept/app/public/wp-load.php:50
[25-Jan-2022 10:54:33 UTC] PHP   4. require_once() /Users/alinedaems/Local Sites/cube-concept/app/public/wp-config.php:77
[25-Jan-2022 10:54:33 UTC] PHP   5. include() /Users/alinedaems/Local Sites/cube-concept/app/public/wp-settings.php:546
[25-Jan-2022 10:54:33 UTC] PHP   6. function_exists() /Users/alinedaems/Local Sites/cube-concept/app/public/wp-content/themes/Cube Concept Theme/functions.php:2
[27-Jan-2022 12:35:05 UTC] PHP Fatal error:  Uncaught Error: Call to undefined function demolition_image() in /Users/alinedaems/Local Sites/cube-concept/app/public/wp-content/themes/Cube Concept Theme/page-services.php:36
Stack trace:
#0 /Users/alinedaems/Local Sites/cube-concept/app/public/wp-includes/template-loader.php(106): include()
#1 /Users/alinedaems/Local Sites/cube-concept/app/public/wp-blog-header.php(19): require_once('/Users/alinedae...')
#2 /Users/alinedaems/Local Sites/cube-concept/app/public/index.php(17): require('/Users/alinedae...')
#3 {main}
  thrown in /Users/alinedaems/Local Sites/cube-concept/app/public/wp-content/themes/Cube Concept Theme/page-services.php on line 36
[27-Jan-2022 12:35:46 UTC] PHP Fatal error:  Uncaught Error: Call to undefined function demolition_image() in /Users/alinedaems/Local Sites/cube-concept/app/public/wp-content/themes/Cube Concept Theme/page-services.php:36
Stack trace:
#0 /Users/alinedaems/Local Sites/cube-concept/app/public/wp-includes/template-loader.php(106): include()
#1 /Users/alinedaems/Local Sites/cube-concept/app/public/wp-blog-header.php(19): require_once('/Users/alinedae...')
#2 /Users/alinedaems/Local Sites/cube-concept/app/public/index.php(17): require('/Users/alinedae...')
#3 {main}
  thrown in /Users/alinedaems/Local Sites/cube-concept/app/public/wp-content/themes/Cube Concept Theme/page-services.php on line 36
